  Main.cpp
C:\Users\joele\OneDrive\Code\C++ code\ProbGenChess\ProbGenChess\Main.cpp(53,13): error C2059: syntax error: 'return'
C:\Users\joele\OneDrive\Code\C++ code\ProbGenChess\ProbGenChess\Main.cpp(54,14): error C2059: syntax error: ')'
C:\Users\joele\OneDrive\Code\C++ code\ProbGenChess\ProbGenChess\Main.cpp(57,9): error C2059: syntax error: 'if'
C:\Users\joele\OneDrive\Code\C++ code\ProbGenChess\ProbGenChess\Main.cpp(57,26): error C2143: syntax error: missing ';' before '{'
C:\Users\joele\OneDrive\Code\C++ code\ProbGenChess\ProbGenChess\Main.cpp(57,26): error C2447: '{': missing function header (old-style formal list?)
C:\Users\joele\OneDrive\Code\C++ code\ProbGenChess\ProbGenChess\Main.cpp(70,9): error C2059: syntax error: 'for'
C:\Users\joele\OneDrive\Code\C++ code\ProbGenChess\ProbGenChess\Main.cpp(70,1): error C2143: syntax error: missing ')' before ';'
C:\Users\joele\OneDrive\Code\C++ code\ProbGenChess\ProbGenChess\Main.cpp(70,27): error C2143: syntax error: missing ';' before '<'
C:\Users\joele\OneDrive\Code\C++ code\ProbGenChess\ProbGenChess\Main.cpp(70,1): error C4430: missing type specifier - int assumed. Note: C++ does not support default-int
C:\Users\joele\OneDrive\Code\C++ code\ProbGenChess\ProbGenChess\Main.cpp(70,27): error C2059: syntax error: '<'
C:\Users\joele\OneDrive\Code\C++ code\ProbGenChess\ProbGenChess\Main.cpp(70,40): error C2143: syntax error: missing ';' before '++'
C:\Users\joele\OneDrive\Code\C++ code\ProbGenChess\ProbGenChess\Main.cpp(70,39): error C2086: 'int i': redefinition
  C:\Users\joele\OneDrive\Code\C++ code\ProbGenChess\ProbGenChess\Main.cpp(70,25):
  see declaration of 'i'
  
C:\Users\joele\OneDrive\Code\C++ code\ProbGenChess\ProbGenChess\Main.cpp(70,40): error C2059: syntax error: '++'
C:\Users\joele\OneDrive\Code\C++ code\ProbGenChess\ProbGenChess\Main.cpp(70,42): error C2059: syntax error: ')'
C:\Users\joele\OneDrive\Code\C++ code\ProbGenChess\ProbGenChess\Main.cpp(70,44): error C2143: syntax error: missing ';' before '{'
C:\Users\joele\OneDrive\Code\C++ code\ProbGenChess\ProbGenChess\Main.cpp(70,44): error C2447: '{': missing function header (old-style formal list?)
C:\Users\joele\OneDrive\Code\C++ code\ProbGenChess\ProbGenChess\Main.cpp(78,9): error C2059: syntax error: 'return'
C:\Users\joele\OneDrive\Code\C++ code\ProbGenChess\ProbGenChess\Main.cpp(79,5): error C2059: syntax error: '}'
C:\Users\joele\OneDrive\Code\C++ code\ProbGenChess\ProbGenChess\Main.cpp(79,5): error C2143: syntax error: missing ';' before '}'
C:\Users\joele\OneDrive\Code\C++ code\ProbGenChess\ProbGenChess\Main.cpp(81,57): error C2143: syntax error: missing ';' before '{'
C:\Users\joele\OneDrive\Code\C++ code\ProbGenChess\ProbGenChess\Main.cpp(81,57): error C2447: '{': missing function header (old-style formal list?)
C:\Users\joele\OneDrive\Code\C++ code\ProbGenChess\ProbGenChess\Main.cpp(89,18): warning C4267: 'initializing': conversion from 'size_t' to 'int', possible loss of data
C:\Users\joele\OneDrive\Code\C++ code\ProbGenChess\ProbGenChess\Main.cpp(122,19): error C2661: 'Position::Position': no overloaded function takes 2 arguments
  C:\Users\joele\OneDrive\Code\C++ code\ProbGenChess\ProbGenChess\Main.cpp(122,19):
  while trying to match the argument list '(int, int)'
  
C:\Users\joele\OneDrive\Code\C++ code\ProbGenChess\ProbGenChess\Main.cpp(123,11): error C2039: 'setStartingPosition': is not a member of 'Position'
  C:\Users\joele\OneDrive\Code\C++ code\ProbGenChess\ProbGenChess\PositionHandler.h(4,7):
  see declaration of 'Position'
  
C:\Users\joele\OneDrive\Code\C++ code\ProbGenChess\ProbGenChess\Main.cpp(125,33): error C2665: 'AdvancedEvaluator6::AdvancedEvaluator6': no overloaded function could convert all the argument types
  C:\Users\joele\OneDrive\Code\C++ code\ProbGenChess\ProbGenChess\Evaluators.h(13,1):
  could be 'AdvancedEvaluator6::AdvancedEvaluator6(AdvancedEvaluator6 &&)'
  	C:\Users\joele\OneDrive\Code\C++ code\ProbGenChess\ProbGenChess\Main.cpp(125,33):
  	'AdvancedEvaluator6::AdvancedEvaluator6(AdvancedEvaluator6 &&)': cannot convert argument 1 from 'int' to 'AdvancedEvaluator6 &&'
  		C:\Users\joele\OneDrive\Code\C++ code\ProbGenChess\ProbGenChess\Main.cpp(125,34):
  		Reason: cannot convert from 'int' to 'AdvancedEvaluator6'
  C:\Users\joele\OneDrive\Code\C++ code\ProbGenChess\ProbGenChess\Evaluators.h(13,1):
  or       'AdvancedEvaluator6::AdvancedEvaluator6(const AdvancedEvaluator6 &)'
  	C:\Users\joele\OneDrive\Code\C++ code\ProbGenChess\ProbGenChess\Main.cpp(125,33):
  	'AdvancedEvaluator6::AdvancedEvaluator6(const AdvancedEvaluator6 &)': cannot convert argument 1 from 'int' to 'const AdvancedEvaluator6 &'
  		C:\Users\joele\OneDrive\Code\C++ code\ProbGenChess\ProbGenChess\Main.cpp(125,34):
  		Reason: cannot convert from 'int' to 'const AdvancedEvaluator6'
  C:\Users\joele\OneDrive\Code\C++ code\ProbGenChess\ProbGenChess\Main.cpp(125,33):
  while trying to match the argument list '(int)'
  
C:\Users\joele\OneDrive\Code\C++ code\ProbGenChess\ProbGenChess\Main.cpp(126,33): error C2665: 'AdvancedEvaluator6::AdvancedEvaluator6': no overloaded function could convert all the argument types
  C:\Users\joele\OneDrive\Code\C++ code\ProbGenChess\ProbGenChess\Evaluators.h(13,1):
  could be 'AdvancedEvaluator6::AdvancedEvaluator6(AdvancedEvaluator6 &&)'
  	C:\Users\joele\OneDrive\Code\C++ code\ProbGenChess\ProbGenChess\Main.cpp(126,33):
  	'AdvancedEvaluator6::AdvancedEvaluator6(AdvancedEvaluator6 &&)': cannot convert argument 1 from 'int' to 'AdvancedEvaluator6 &&'
  		C:\Users\joele\OneDrive\Code\C++ code\ProbGenChess\ProbGenChess\Main.cpp(126,34):
  		Reason: cannot convert from 'int' to 'AdvancedEvaluator6'
  C:\Users\joele\OneDrive\Code\C++ code\ProbGenChess\ProbGenChess\Evaluators.h(13,1):
  or       'AdvancedEvaluator6::AdvancedEvaluator6(const AdvancedEvaluator6 &)'
  	C:\Users\joele\OneDrive\Code\C++ code\ProbGenChess\ProbGenChess\Main.cpp(126,33):
  	'AdvancedEvaluator6::AdvancedEvaluator6(const AdvancedEvaluator6 &)': cannot convert argument 1 from 'int' to 'const AdvancedEvaluator6 &'
  		C:\Users\joele\OneDrive\Code\C++ code\ProbGenChess\ProbGenChess\Main.cpp(126,34):
  		Reason: cannot convert from 'int' to 'const AdvancedEvaluator6'
  C:\Users\joele\OneDrive\Code\C++ code\ProbGenChess\ProbGenChess\Main.cpp(126,33):
  while trying to match the argument list '(int)'
  
C:\Users\joele\OneDrive\Code\C++ code\ProbGenChess\ProbGenChess\Main.cpp(140,23): error C2661: 'Position::Position': no overloaded function takes 2 arguments
  C:\Users\joele\OneDrive\Code\C++ code\ProbGenChess\ProbGenChess\Main.cpp(140,23):
  while trying to match the argument list '(int, int)'
  
C:\Users\joele\OneDrive\Code\C++ code\ProbGenChess\ProbGenChess\Main.cpp(141,15): error C2039: 'setStartingPosition': is not a member of 'Position'
  C:\Users\joele\OneDrive\Code\C++ code\ProbGenChess\ProbGenChess\PositionHandler.h(4,7):
  see declaration of 'Position'
  
C:\Users\joele\OneDrive\Code\C++ code\ProbGenChess\ProbGenChess\Main.cpp(144,19): error C2039: 'print': is not a member of 'Position'
  C:\Users\joele\OneDrive\Code\C++ code\ProbGenChess\ProbGenChess\PositionHandler.h(4,7):
  see declaration of 'Position'
  
C:\Users\joele\OneDrive\Code\C++ code\ProbGenChess\ProbGenChess\Main.cpp(150,20): warning C4244: 'initializing': conversion from 'time_t' to 'int', possible loss of data
C:\Users\joele\OneDrive\Code\C++ code\ProbGenChess\ProbGenChess\Main.cpp(155,53): error C2440: 'initializing': cannot convert from 'std::vector<Position *,std::allocator<Position *>>' to 'std::vector<Position,std::allocator<Position>>'
  C:\Users\joele\OneDrive\Code\C++ code\ProbGenChess\ProbGenChess\Main.cpp(155,53):
  No user-defined-conversion operator available that can perform this conversion, or the operator cannot be called
  
C:\Users\joele\OneDrive\Code\C++ code\ProbGenChess\ProbGenChess\Main.cpp(190,46): error C2661: 'Position::Position': no overloaded function takes 2 arguments
  C:\Users\joele\OneDrive\Code\C++ code\ProbGenChess\ProbGenChess\Main.cpp(190,46):
  while trying to match the argument list '(int, int)'
  
C:\Users\joele\OneDrive\Code\C++ code\ProbGenChess\ProbGenChess\Main.cpp(195,46): error C2664: 'double TrainingSession::minmax(Position *,int,int)': cannot convert argument 1 from '_Ty' to 'Position *'
C:\Users\joele\OneDrive\Code\C++ code\ProbGenChess\ProbGenChess\Main.cpp(195,46): error C2664:         with
C:\Users\joele\OneDrive\Code\C++ code\ProbGenChess\ProbGenChess\Main.cpp(195,46): error C2664:         [
C:\Users\joele\OneDrive\Code\C++ code\ProbGenChess\ProbGenChess\Main.cpp(195,46): error C2664:             _Ty=Position
C:\Users\joele\OneDrive\Code\C++ code\ProbGenChess\ProbGenChess\Main.cpp(195,46): error C2664:         ]
  C:\Users\joele\OneDrive\Code\C++ code\ProbGenChess\ProbGenChess\Main.cpp(195,68):
  No user-defined-conversion operator available that can perform this conversion, or the operator cannot be called
  C:\Users\joele\OneDrive\Code\C++ code\ProbGenChess\ProbGenChess\Main.cpp(81,12):
  see declaration of 'TrainingSession::minmax'
  C:\Users\joele\OneDrive\Code\C++ code\ProbGenChess\ProbGenChess\Main.cpp(195,46):
  while trying to match the argument list '(_Ty, int, int)'
          with
          [
              _Ty=Position
          ]
  
C:\Users\joele\OneDrive\Code\C++ code\ProbGenChess\ProbGenChess\Main.cpp(207,46): error C2664: 'double TrainingSession::minmax(Position *,int,int)': cannot convert argument 1 from '_Ty' to 'Position *'
C:\Users\joele\OneDrive\Code\C++ code\ProbGenChess\ProbGenChess\Main.cpp(207,46): error C2664:         with
C:\Users\joele\OneDrive\Code\C++ code\ProbGenChess\ProbGenChess\Main.cpp(207,46): error C2664:         [
C:\Users\joele\OneDrive\Code\C++ code\ProbGenChess\ProbGenChess\Main.cpp(207,46): error C2664:             _Ty=Position
C:\Users\joele\OneDrive\Code\C++ code\ProbGenChess\ProbGenChess\Main.cpp(207,46): error C2664:         ]
  C:\Users\joele\OneDrive\Code\C++ code\ProbGenChess\ProbGenChess\Main.cpp(207,68):
  No user-defined-conversion operator available that can perform this conversion, or the operator cannot be called
  C:\Users\joele\OneDrive\Code\C++ code\ProbGenChess\ProbGenChess\Main.cpp(81,12):
  see declaration of 'TrainingSession::minmax'
  C:\Users\joele\OneDrive\Code\C++ code\ProbGenChess\ProbGenChess\Main.cpp(207,46):
  while trying to match the argument list '(_Ty, int, int)'
          with
          [
              _Ty=Position
          ]
  
C:\Users\joele\OneDrive\Code\C++ code\ProbGenChess\ProbGenChess\Main.cpp(275,11): error C2429: language feature 'structured bindings' requires compiler flag '/std:c++17'
  Evaluators.cpp
C:\Program Files (x86)\Windows Kits\10\Include\10.0.22000.0\um\row.idl(16,11): error C4430: missing type specifier - int assumed. Note: C++ does not support default-int
  (compiling source file 'Evaluators.cpp')
  
C:\Program Files (x86)\Windows Kits\10\Include\10.0.22000.0\um\row.idl(16,10): error C2440: 'initializing': cannot convert from 'const char [26]' to 'int'
  (compiling source file 'Evaluators.cpp')
  C:\Program Files (x86)\Windows Kits\10\Include\10.0.22000.0\um\row.idl(16,10):
  There is no context in which this conversion is possible
  
C:\Program Files (x86)\Windows Kits\10\Include\10.0.22000.0\um\row.idl(19,1): error C2146: syntax error: missing ';' before identifier 'cpp_quote'
  (compiling source file 'Evaluators.cpp')
  
C:\Program Files (x86)\Windows Kits\10\Include\10.0.22000.0\um\row.idl(27,1): error C4430: missing type specifier - int assumed. Note: C++ does not support default-int
  (compiling source file 'Evaluators.cpp')
  
C:\Program Files (x86)\Windows Kits\10\Include\10.0.22000.0\um\row.idl(28,9): error C2760: syntax error: 'HRESULT' was unexpected here; expected '{'
  (compiling source file 'Evaluators.cpp')
  
C:\Program Files (x86)\Windows Kits\10\Include\10.0.22000.0\um\row.idl(29,37): error C2760: syntax error: 'DBORDINAL' was unexpected here; expected '{'
  (compiling source file 'Evaluators.cpp')
  
C:\Program Files (x86)\Windows Kits\10\Include\10.0.22000.0\um\row.idl(29,57): error C2065: 'cColumns': undeclared identifier
  (compiling source file 'Evaluators.cpp')
  
C:\Program Files (x86)\Windows Kits\10\Include\10.0.22000.0\um\row.idl(30,78): error C2760: syntax error: 'DBCOLUMNACCESS' was unexpected here; expected '{'
  (compiling source file 'Evaluators.cpp')
  
C:\Program Files (x86)\Windows Kits\10\Include\10.0.22000.0\um\row.idl(30,94): error C2065: 'rgColumns': undeclared identifier
  (compiling source file 'Evaluators.cpp')
  
C:\Program Files (x86)\Windows Kits\10\Include\10.0.22000.0\um\row.idl(30,104): error C2059: syntax error: ']'
  (compiling source file 'Evaluators.cpp')
  
C:\Program Files (x86)\Windows Kits\10\Include\10.0.22000.0\um\row.idl(33,24): error C4430: missing type specifier - int assumed. Note: C++ does not support default-int
  (compiling source file 'Evaluators.cpp')
  
C:\Program Files (x86)\Windows Kits\10\Include\10.0.22000.0\um\row.idl(33,9): error C2146: syntax error: missing ';' before identifier 'GetSourceRowset'
  (compiling source file 'Evaluators.cpp')
  
C:\Program Files (x86)\Windows Kits\10\Include\10.0.22000.0\um\row.idl(40,13): error C4430: missing type specifier - int assumed. Note: C++ does not support default-int
  (compiling source file 'Evaluators.cpp')
  
C:\Program Files (x86)\Windows Kits\10\Include\10.0.22000.0\um\row.idl(40,1): error C2086: 'int HRESULT': redefinition
  (compiling source file 'Evaluators.cpp')
  C:\Program Files (x86)\Windows Kits\10\Include\10.0.22000.0\um\row.idl(33,1):
  see declaration of 'HRESULT'
  
C:\Program Files (x86)\Windows Kits\10\Include\10.0.22000.0\um\row.idl(40,9): error C2146: syntax error: missing ';' before identifier 'Open'
  (compiling source file 'Evaluators.cpp')
  
C:\Program Files (x86)\Windows Kits\10\Include\10.0.22000.0\um\row.idl(48,1): error C2059: syntax error: '}'
  (compiling source file 'Evaluators.cpp')
  
C:\Program Files (x86)\Windows Kits\10\Include\10.0.22000.0\um\row.idl(48,1): error C2143: syntax error: missing ';' before '}'
  (compiling source file 'Evaluators.cpp')
  
C:\Program Files (x86)\Windows Kits\10\Include\10.0.22000.0\um\row.idl(52,11): error C4430: missing type specifier - int assumed. Note: C++ does not support default-int
  (compiling source file 'Evaluators.cpp')
  
C:\Program Files (x86)\Windows Kits\10\Include\10.0.22000.0\um\row.idl(52,1): error C2374: 'cpp_quote': redefinition; multiple initialization
  (compiling source file 'Evaluators.cpp')
  C:\Program Files (x86)\Windows Kits\10\Include\10.0.22000.0\um\row.idl(16,1):
  see declaration of 'cpp_quote'
  
C:\Users\joele\OneDrive\Code\C++ code\ProbGenChess\ProbGenChess\Evaluators.cpp(11,1): error C2062: type 'int' unexpected
C:\Users\joele\OneDrive\Code\C++ code\ProbGenChess\ProbGenChess\Evaluators.cpp(29,26): error C2011: 'AdvancedEvaluator6': 'class' type redefinition
  C:\Users\joele\OneDrive\Code\C++ code\ProbGenChess\ProbGenChess\Evaluators.h(4,7):
  see declaration of 'AdvancedEvaluator6'
  
C:\Users\joele\OneDrive\Code\C++ code\ProbGenChess\ProbGenChess\Evaluators.cpp(222,24): warning C4267: 'initializing': conversion from 'size_t' to 'int', possible loss of data
C:\Users\joele\OneDrive\Code\C++ code\ProbGenChess\ProbGenChess\Evaluators.cpp(296,18): warning C4267: 'initializing': conversion from 'size_t' to 'int', possible loss of data
C:\Users\joele\OneDrive\Code\C++ code\ProbGenChess\ProbGenChess\Evaluators.cpp(297,18): warning C4267: 'initializing': conversion from 'size_t' to 'int', possible loss of data
C:\Users\joele\OneDrive\Code\C++ code\ProbGenChess\ProbGenChess\Evaluators.cpp(312,35): warning C4244: '+=': conversion from '__int64' to 'int', possible loss of data
C:\Users\joele\OneDrive\Code\C++ code\ProbGenChess\ProbGenChess\Evaluators.cpp(331,109): error C2614: 'LearningEvaluator': illegal member initialization: 'color' is not a base or member
C:\Users\joele\OneDrive\Code\C++ code\ProbGenChess\ProbGenChess\Evaluators.cpp(409,18): warning C4267: 'initializing': conversion from 'size_t' to 'int', possible loss of data
C:\Users\joele\OneDrive\Code\C++ code\ProbGenChess\ProbGenChess\Evaluators.cpp(410,18): warning C4267: 'initializing': conversion from 'size_t' to 'int', possible loss of data
C:\Users\joele\OneDrive\Code\C++ code\ProbGenChess\ProbGenChess\Evaluators.cpp(539,25): error C2065: 'MINWHITEPIECE': undeclared identifier
C:\Users\joele\OneDrive\Code\C++ code\ProbGenChess\ProbGenChess\Evaluators.cpp(637,20): error C2079: 'hallo' uses undefined class 'AdvancedEvaluator6'
C:\Users\joele\OneDrive\Code\C++ code\ProbGenChess\ProbGenChess\Evaluators.cpp(637,46): error C2027: use of undefined type 'AdvancedEvaluator6'
  C:\Users\joele\OneDrive\Code\C++ code\ProbGenChess\ProbGenChess\Evaluators.h(4,7):
  see declaration of 'AdvancedEvaluator6'
  
  PositionHandler.cpp
C:\Users\joele\OneDrive\Code\C++ code\ProbGenChess\ProbGenChess\PositionHandler.cpp(8,16): error C2011: 'Position': 'class' type redefinition
  C:\Users\joele\OneDrive\Code\C++ code\ProbGenChess\ProbGenChess\PositionHandler.h(4,7):
  see declaration of 'Position'
  
C:\Users\joele\OneDrive\Code\C++ code\ProbGenChess\ProbGenChess\PositionHandler.cpp(490,1): error C2019: expected preprocessor directive, found '1'
C:\Users\joele\OneDrive\Code\C++ code\ProbGenChess\ProbGenChess\PositionHandler.cpp(492,1): error C2019: expected preprocessor directive, found '2'
C:\Users\joele\OneDrive\Code\C++ code\ProbGenChess\ProbGenChess\PositionHandler.cpp(495,1): error C1021: invalid preprocessor command 'eat'
  Generating Code...
